
ROM used:   264/65536 (0%)
            268/65536 (0%) including unused fragments

            0.2 Average locations per line
            33.0 Average locations per statement

RAM used:   7/3896 (0%) at main() level
            9/3896 (0%) worst case

Stack used: 0 worst case (0 in main + 0 for interrupts)
Stack size: 31

Lines Stmts  %   Files
----- ----- ---  -----
   17     8 100  main.c
   36     0   0  main.h
  994     0   0  ..\..\..\..\..\..\..\..\..\Program Files (x86)\PICC\Devices\18F26K22.h
  107     0   0  ..\..\..\..\..\..\..\..\..\Program Files (x86)\PICC\Drivers\bootloader.h
----- -----
 1154     8 Total

Page ROM  %  RAM    Vol Diff  Functions:
---- --- --- ---    --- ----  ----------
0     10   2    0             @PUTCHARI_BIU_1
0     82  16    1    143  2.4  main
0     70  13    0             @const676
0     34   6    2             @PSTRINGC_19200_31766_31767
0     64  12    0             @const681
 Inline         0             @cinit1

Program metrics:
    Functions               1
    Statements              8
    Comments                204
    Volume (V)              152
    Difficulty (D)          1.9
    Effort to implement (E) 283
    Time to implement (T)   0 minutes
    Est Delivered Bugs (B)  0
    Cyclomatic Complexity   1
    Maintainability (MI)    104

 Segment     Used  Free
-----------  ----  ----
00000-004FE     0  1280  
00500-00506     4  4  
00508-0FFFE   260  63988  



