
ROM used:   958/65536 (1%)
            1284/65536 (2%) including unused fragments

            0.7 Average locations per line
            15.5 Average locations per statement

RAM used:   75/3896 (2%) at main() level
            130/3896 (3%) worst case

Stack used: 2 worst case (1 in main + 1 for interrupts)
Stack size: 31

Lines Stmts  %   Files
----- ----- ---  -----
   43    17  27  boot.c
   32     0   0  boot.h
  994     0   0  ..\..\..\..\..\..\..\..\..\Program Files (x86)\PICC\Devices\18F26K22.h
  107     0   0  ..\..\..\..\..\..\..\..\..\Program Files (x86)\PICC\Drivers\bootloader.h
  276    45  73  ..\..\..\..\..\..\..\..\..\Program Files (x86)\PICC\Drivers\loader.c
----- -----
 1452    62 Total

Page ROM  %  RAM    Vol Diff  Functions:
---- --- --- ---    --- ----  ----------
0     32   2    0             @FLASHWR
0     68   4    7             @WRITE_PROGRAM_MEMORY
0     42   2    1             @delay_ms1
0      8   0    0             @PUTCHARI_BIU_1
0    462  24   50   3145 13.6  real_load_program
0    102   5    5    368  7.0  atoi_b16
0      6   0    0     24  1.2  load_program
0      4   0    0     20  1.3  application
0    126   7    2    341  4.9  MAIN
0     22   1    0             @const701
0     34   2    2             @PSTRINGC_19200_31766_31767
0     26   1    0     53  2.3  @const706
0     22   1    0     53  2.3  isr
 Inline         0             @cinit1

Program metrics:
    Functions               7
    Statements              62
    Comments                239
    Volume (V)              4903
    Difficulty (D)          33.9
    Effort to implement (E) 166236
    Time to implement (T)   2 hours, 34 minutes
    Est Delivered Bugs (B)  1
    Cyclomatic Complexity   15
    Maintainability (MI)    119

 Segment     Used  Free
-----------  ----  ----
00000-00006     4  4  
00008-0001C    22  0  
0001E-004FE   928  322  
00500-00502     4  0  
00504-0FFFE     0  64252  



